{"timestamp": "2023-12-26T19:59:30.388Z", "user_id": "undefined", "Method": "undefined", "req_url": "undefined", "username": "undefined", "user_address": "undefined", "user_email": "undefined", "message": "uncaughtException: Cannot find module 'validator'
Require stack:
- C:\Users\Lenovo\Desktop\MO\Freelancing\Websites_Development\Learning\Projects\Project17_full_stack_social_website\backend_node_social_website\Logic\helperMethods.js
- C:\Users\Lenovo\Desktop\MO\Freelancing\Websites_Development\Learning\Projects\Project17_full_stack_social_website\backend_node_social_website\Controllers\UserController.js
- C:\Users\Lenovo\Desktop\MO\Freelancing\Websites_Development\Learning\Projects\Project17_full_stack_social_website\backend_node_social_website\Routes\UserRouter.js
- C:\Users\Lenovo\Desktop\MO\Freelancing\Websites_Development\Learning\Projects\Project17_full_stack_social_website\backend_node_social_website\server.js
Error: Cannot find module 'validator'
Require stack:
- C:\Users\Lenovo\Desktop\MO\Freelancing\Websites_Development\Learning\Projects\Project17_full_stack_social_website\backend_node_social_website\Logic\helperMethods.js
- C:\Users\Lenovo\Desktop\MO\Freelancing\Websites_Development\Learning\Projects\Project17_full_stack_social_website\backend_node_social_website\Controllers\UserController.js
- C:\Users\Lenovo\Desktop\MO\Freelancing\Websites_Development\Learning\Projects\Project17_full_stack_social_website\backend_node_social_website\Routes\UserRouter.js
- C:\Users\Lenovo\Desktop\MO\Freelancing\Websites_Development\Learning\Projects\Project17_full_stack_social_website\backend_node_social_website\server.js
    at Module._resolveFilename (node:internal/modules/cjs/loader:1077:15)
    at Module._load (node:internal/modules/cjs/loader:922:27)
    at Module.require (node:internal/modules/cjs/loader:1143:19)
    at require (node:internal/modules/cjs/helpers:110:18)
    at Object.<anonymous> (C:\Users\Lenovo\Desktop\MO\Freelancing\Websites_Development\Learning\Projects\Project17_full_stack_social_website\backend_node_social_website\Logic\helperMethods.js:8:19)
    at Module._compile (node:internal/modules/cjs/loader:1256:14)
    at Module._extensions..js (node:internal/modules/cjs/loader:1310:10)
    at Module.load (node:internal/modules/cjs/loader:1119:32)
    at Module._load (node:internal/modules/cjs/loader:960:12)
    at Module.require (node:internal/modules/cjs/loader:1143:19)", "authenticated": "undefined", "level": "error"}
{"timestamp": "2023-12-26T19:59:30.390Z", "user_id": "undefined", "Method": "undefined", "req_url": "undefined", "username": "undefined", "user_address": "undefined", "user_email": "undefined", "message": "uncaughtException: Cannot find module 'validator'
Require stack:
- C:\Users\Lenovo\Desktop\MO\Freelancing\Websites_Development\Learning\Projects\Project17_full_stack_social_website\backend_node_social_website\Logic\helperMethods.js
- C:\Users\Lenovo\Desktop\MO\Freelancing\Websites_Development\Learning\Projects\Project17_full_stack_social_website\backend_node_social_website\Controllers\UserController.js
- C:\Users\Lenovo\Desktop\MO\Freelancing\Websites_Development\Learning\Projects\Project17_full_stack_social_website\backend_node_social_website\Routes\UserRouter.js
- C:\Users\Lenovo\Desktop\MO\Freelancing\Websites_Development\Learning\Projects\Project17_full_stack_social_website\backend_node_social_website\server.js
Error: Cannot find module 'validator'
Require stack:
- C:\Users\Lenovo\Desktop\MO\Freelancing\Websites_Development\Learning\Projects\Project17_full_stack_social_website\backend_node_social_website\Logic\helperMethods.js
- C:\Users\Lenovo\Desktop\MO\Freelancing\Websites_Development\Learning\Projects\Project17_full_stack_social_website\backend_node_social_website\Controllers\UserController.js
- C:\Users\Lenovo\Desktop\MO\Freelancing\Websites_Development\Learning\Projects\Project17_full_stack_social_website\backend_node_social_website\Routes\UserRouter.js
- C:\Users\Lenovo\Desktop\MO\Freelancing\Websites_Development\Learning\Projects\Project17_full_stack_social_website\backend_node_social_website\server.js
    at Module._resolveFilename (node:internal/modules/cjs/loader:1077:15)
    at Module._load (node:internal/modules/cjs/loader:922:27)
    at Module.require (node:internal/modules/cjs/loader:1143:19)
    at require (node:internal/modules/cjs/helpers:110:18)
    at Object.<anonymous> (C:\Users\Lenovo\Desktop\MO\Freelancing\Websites_Development\Learning\Projects\Project17_full_stack_social_website\backend_node_social_website\Logic\helperMethods.js:8:19)
    at Module._compile (node:internal/modules/cjs/loader:1256:14)
    at Module._extensions..js (node:internal/modules/cjs/loader:1310:10)
    at Module.load (node:internal/modules/cjs/loader:1119:32)
    at Module._load (node:internal/modules/cjs/loader:960:12)
    at Module.require (node:internal/modules/cjs/loader:1143:19)", "authenticated": "undefined", "level": "error"}
{"timestamp": "2023-12-26T21:46:17.461Z", "user_id": "undefined", "Method": "undefined", "req_url": "undefined", "username": "undefined", "user_address": "undefined", "user_email": "undefined", "message": "uncaughtException: escapeHtmlandJS is not defined
ReferenceError: escapeHtmlandJS is not defined
    at Object.<anonymous> (C:\Users\Lenovo\Desktop\MO\Freelancing\Websites_Development\Learning\Projects\Project17_full_stack_social_website\backend_node_social_website\Logic\Checker.js:82:32)
    at Module._compile (node:internal/modules/cjs/loader:1256:14)
    at Module._extensions..js (node:internal/modules/cjs/loader:1310:10)
    at Module.load (node:internal/modules/cjs/loader:1119:32)
    at Module._load (node:internal/modules/cjs/loader:960:12)
    at Module.require (node:internal/modules/cjs/loader:1143:19)
    at require (node:internal/modules/cjs/helpers:110:18)
    at Object.<anonymous> (C:\Users\Lenovo\Desktop\MO\Freelancing\Websites_Development\Learning\Projects\Project17_full_stack_social_website\backend_node_social_website\server.js:18:29)
    at Module._compile (node:internal/modules/cjs/loader:1256:14)
    at Module._extensions..js (node:internal/modules/cjs/loader:1310:10)", "authenticated": "undefined", "level": "error"}
{"timestamp": "2023-12-26T21:46:17.463Z", "user_id": "undefined", "Method": "undefined", "req_url": "undefined", "username": "undefined", "user_address": "undefined", "user_email": "undefined", "message": "uncaughtException: escapeHtmlandJS is not defined
ReferenceError: escapeHtmlandJS is not defined
    at Object.<anonymous> (C:\Users\Lenovo\Desktop\MO\Freelancing\Websites_Development\Learning\Projects\Project17_full_stack_social_website\backend_node_social_website\Logic\Checker.js:82:32)
    at Module._compile (node:internal/modules/cjs/loader:1256:14)
    at Module._extensions..js (node:internal/modules/cjs/loader:1310:10)
    at Module.load (node:internal/modules/cjs/loader:1119:32)
    at Module._load (node:internal/modules/cjs/loader:960:12)
    at Module.require (node:internal/modules/cjs/loader:1143:19)
    at require (node:internal/modules/cjs/helpers:110:18)
    at Object.<anonymous> (C:\Users\Lenovo\Desktop\MO\Freelancing\Websites_Development\Learning\Projects\Project17_full_stack_social_website\backend_node_social_website\server.js:18:29)
    at Module._compile (node:internal/modules/cjs/loader:1256:14)
    at Module._extensions..js (node:internal/modules/cjs/loader:1310:10)", "authenticated": "undefined", "level": "error"}
{"timestamp": "2024-01-01T21:17:11.356Z", "user_id": "undefined", "Method": "undefined", "req_url": "undefined", "username": "undefined", "user_address": "undefined", "user_email": "undefined", "message": "uncaughtException: Class constructor MongoStore cannot be invoked without 'new'
TypeError: Class constructor MongoStore cannot be invoked without 'new'
    at Object.<anonymous> (C:\Users\Lenovo\Desktop\MO\Freelancing\Websites_Development\Learning\Projects\Project17_full_stack_social_website\backend_node_social_website\server.js:16:44)
    at Module._compile (node:internal/modules/cjs/loader:1256:14)
    at Module._extensions..js (node:internal/modules/cjs/loader:1310:10)
    at Module.load (node:internal/modules/cjs/loader:1119:32)
    at Module._load (node:internal/modules/cjs/loader:960:12)
    at Function.executeUserEntryPoint [as runMain] (node:internal/modules/run_main:81:12)
    at node:internal/main/run_main_module:23:47", "authenticated": "undefined", "level": "error"}
{"timestamp": "2024-01-01T21:17:25.438Z", "user_id": "undefined", "Method": "undefined", "req_url": "undefined", "username": "undefined", "user_address": "undefined", "user_email": "undefined", "message": "uncaughtException: Class constructor MongoStore cannot be invoked without 'new'
TypeError: Class constructor MongoStore cannot be invoked without 'new'
    at Object.<anonymous> (C:\Users\Lenovo\Desktop\MO\Freelancing\Websites_Development\Learning\Projects\Project17_full_stack_social_website\backend_node_social_website\server.js:16:44)
    at Module._compile (node:internal/modules/cjs/loader:1256:14)
    at Module._extensions..js (node:internal/modules/cjs/loader:1310:10)
    at Module.load (node:internal/modules/cjs/loader:1119:32)
    at Module._load (node:internal/modules/cjs/loader:960:12)
    at Function.executeUserEntryPoint [as runMain] (node:internal/modules/run_main:81:12)
    at node:internal/main/run_main_module:23:47", "authenticated": "undefined", "level": "error"}
